# Logfile created on 2014-03-08 13:05:12 -0500 by logger.rb/44203
I, [2014-03-08T13:05:12.590836 #10572]  INFO -- : 0:  RedCloth (4.2.9) from /Users/hrs/.rvm/gems/ruby-2.1.0@hrs/specifications/RedCloth-4.2.9.gemspec
I, [2014-03-08T13:05:12.591101 #10572]  INFO -- : 0:  blankslate (2.1.2.4) from /Users/hrs/.rvm/gems/ruby-2.1.0@hrs/specifications/blankslate-2.1.2.4.gemspec
I, [2014-03-08T13:05:12.591321 #10572]  INFO -- : 0:  fast-stemmer (1.0.2) from /Users/hrs/.rvm/gems/ruby-2.1.0@hrs/specifications/fast-stemmer-1.0.2.gemspec
I, [2014-03-08T13:05:12.591536 #10572]  INFO -- : 0:  classifier (1.3.4) from /Users/hrs/.rvm/gems/ruby-2.1.0@hrs/specifications/classifier-1.3.4.gemspec
I, [2014-03-08T13:05:12.591733 #10572]  INFO -- : 0:  colorator (0.1) from /Users/hrs/.rvm/gems/ruby-2.1.0@hrs/specifications/colorator-0.1.gemspec
I, [2014-03-08T13:05:12.591916 #10572]  INFO -- : 0:  highline (1.6.20) from /Users/hrs/.rvm/gems/ruby-2.1.0@global/specifications/highline-1.6.20.gemspec
I, [2014-03-08T13:05:12.592127 #10572]  INFO -- : 0:  commander (4.1.6) from /Users/hrs/.rvm/gems/ruby-2.1.0@hrs/specifications/commander-4.1.6.gemspec
I, [2014-03-08T13:05:12.592304 #10572]  INFO -- : 0:  ffi (1.9.3) from /Users/hrs/.rvm/gems/ruby-2.1.0@hrs/specifications/ffi-1.9.3.gemspec
I, [2014-03-08T13:05:12.592496 #10572]  INFO -- : 0:  liquid (2.5.5) from /Users/hrs/.rvm/gems/ruby-2.1.0@hrs/specifications/liquid-2.5.5.gemspec
I, [2014-03-08T13:05:12.592682 #10572]  INFO -- : 0:  rb-fsevent (0.9.4) from /Users/hrs/.rvm/gems/ruby-2.1.0@hrs/specifications/rb-fsevent-0.9.4.gemspec
I, [2014-03-08T13:05:12.592839 #10572]  INFO -- : 0:  rb-inotify (0.9.3) from /Users/hrs/.rvm/gems/ruby-2.1.0@hrs/specifications/rb-inotify-0.9.3.gemspec
I, [2014-03-08T13:05:12.593021 #10572]  INFO -- : 0:  rb-kqueue (0.2.2) from /Users/hrs/.rvm/gems/ruby-2.1.0@hrs/specifications/rb-kqueue-0.2.2.gemspec
I, [2014-03-08T13:05:12.593177 #10572]  INFO -- : 0:  listen (1.3.1) from /Users/hrs/.rvm/gems/ruby-2.1.0@hrs/specifications/listen-1.3.1.gemspec
I, [2014-03-08T13:05:12.593354 #10572]  INFO -- : 0:  maruku (0.7.0) from /Users/hrs/.rvm/gems/ruby-2.1.0@hrs/specifications/maruku-0.7.0.gemspec
I, [2014-03-08T13:05:12.593525 #10572]  INFO -- : 0:  posix-spawn (0.3.8) from /Users/hrs/.rvm/gems/ruby-2.1.0@hrs/specifications/posix-spawn-0.3.8.gemspec
I, [2014-03-08T13:05:12.593690 #10572]  INFO -- : 0:  yajl-ruby (1.1.0) from /Users/hrs/.rvm/gems/ruby-2.1.0@hrs/specifications/yajl-ruby-1.1.0.gemspec
I, [2014-03-08T13:05:12.593856 #10572]  INFO -- : 0:  pygments.rb (0.5.4) from /Users/hrs/.rvm/gems/ruby-2.1.0@hrs/specifications/pygments.rb-0.5.4.gemspec
I, [2014-03-08T13:05:12.594019 #10572]  INFO -- : 0:  redcarpet (2.3.0) from /Users/hrs/.rvm/gems/ruby-2.1.0@hrs/specifications/redcarpet-2.3.0.gemspec
I, [2014-03-08T13:05:12.594200 #10572]  INFO -- : 0:  safe_yaml (0.9.7) from /Users/hrs/.rvm/gems/ruby-2.1.0@hrs/specifications/safe_yaml-0.9.7.gemspec
I, [2014-03-08T13:05:12.594362 #10572]  INFO -- : 0:  parslet (1.5.0) from /Users/hrs/.rvm/gems/ruby-2.1.0@hrs/specifications/parslet-1.5.0.gemspec
I, [2014-03-08T13:05:12.594525 #10572]  INFO -- : 0:  toml (0.1.1) from /Users/hrs/.rvm/gems/ruby-2.1.0@hrs/specifications/toml-0.1.1.gemspec
I, [2014-03-08T13:05:12.594692 #10572]  INFO -- : 0:  jekyll (1.4.3) from /Users/hrs/.rvm/gems/ruby-2.1.0@hrs/specifications/jekyll-1.4.3.gemspec
I, [2014-03-08T13:05:12.594859 #10572]  INFO -- : 0:  kramdown (1.3.1) from /Users/hrs/.rvm/gems/ruby-2.1.0@hrs/specifications/kramdown-1.3.1.gemspec
I, [2014-03-08T13:05:12.595028 #10572]  INFO -- : 0:  rdiscount (2.1.7) from /Users/hrs/.rvm/gems/ruby-2.1.0@hrs/specifications/rdiscount-2.1.7.gemspec
I, [2014-03-08T13:05:12.595208 #10572]  INFO -- : 0:  github-pages (15) from /Users/hrs/.rvm/gems/ruby-2.1.0@hrs/specifications/github-pages-15.gemspec
I, [2014-03-08T13:05:12.595372 #10572]  INFO -- : 0:  mr_poole (0.5.1) from /Users/hrs/.rvm/gems/ruby-2.1.0@hrs/specifications/mr_poole-0.5.1.gemspec
I, [2014-03-08T13:05:12.595535 #10572]  INFO -- : 0:  slugize (0.0.3) from /Users/hrs/.rvm/gems/ruby-2.1.0@hrs/specifications/slugize-0.0.3.gemspec
I, [2014-03-08T13:05:12.595710 #10572]  INFO -- : 0:  bundler (1.5.1) from /Users/hrs/.rvm/gems/ruby-2.1.0@global/specifications/bundler-1.5.1.gemspec
I, [2014-03-14T12:03:12.866482 #40196]  INFO -- : 0:  RedCloth (4.2.9) from /Users/hrs/.rvm/gems/ruby-2.1.0@emacsnyc/specifications/RedCloth-4.2.9.gemspec
I, [2014-03-14T12:03:13.388487 #40196]  INFO -- : 0:  blankslate (2.1.2.4) from /Users/hrs/.rvm/gems/ruby-2.1.0@emacsnyc/specifications/blankslate-2.1.2.4.gemspec
I, [2014-03-14T12:03:14.051359 #40196]  INFO -- : 0:  fast-stemmer (1.0.2) from /Users/hrs/.rvm/gems/ruby-2.1.0@emacsnyc/specifications/fast-stemmer-1.0.2.gemspec
I, [2014-03-14T12:03:14.486573 #40196]  INFO -- : 0:  classifier (1.3.4) from /Users/hrs/.rvm/gems/ruby-2.1.0@emacsnyc/specifications/classifier-1.3.4.gemspec
I, [2014-03-14T12:03:15.276001 #40196]  INFO -- : 0:  colorator (0.1) from /Users/hrs/.rvm/gems/ruby-2.1.0@emacsnyc/specifications/colorator-0.1.gemspec
I, [2014-03-14T12:03:15.276349 #40196]  INFO -- : 0:  highline (1.6.20) from /Users/hrs/.rvm/gems/ruby-2.1.0@global/specifications/highline-1.6.20.gemspec
I, [2014-03-14T12:03:16.183333 #40196]  INFO -- : 0:  commander (4.1.6) from /Users/hrs/.rvm/gems/ruby-2.1.0@emacsnyc/specifications/commander-4.1.6.gemspec
I, [2014-03-14T12:03:21.695029 #40196]  INFO -- : 0:  ffi (1.9.3) from /Users/hrs/.rvm/gems/ruby-2.1.0@emacsnyc/specifications/ffi-1.9.3.gemspec
I, [2014-03-14T12:03:22.158152 #40196]  INFO -- : 0:  liquid (2.5.5) from /Users/hrs/.rvm/gems/ruby-2.1.0@emacsnyc/specifications/liquid-2.5.5.gemspec
I, [2014-03-14T12:03:23.269982 #40196]  INFO -- : 0:  rb-fsevent (0.9.4) from /Users/hrs/.rvm/gems/ruby-2.1.0@emacsnyc/specifications/rb-fsevent-0.9.4.gemspec
I, [2014-03-14T12:03:24.077221 #40196]  INFO -- : 0:  rb-inotify (0.9.3) from /Users/hrs/.rvm/gems/ruby-2.1.0@emacsnyc/specifications/rb-inotify-0.9.3.gemspec
I, [2014-03-14T12:03:24.826406 #40196]  INFO -- : 0:  rb-kqueue (0.2.2) from /Users/hrs/.rvm/gems/ruby-2.1.0@emacsnyc/specifications/rb-kqueue-0.2.2.gemspec
I, [2014-03-14T12:03:25.686446 #40196]  INFO -- : 0:  listen (1.3.1) from /Users/hrs/.rvm/gems/ruby-2.1.0@emacsnyc/specifications/listen-1.3.1.gemspec
I, [2014-03-14T12:03:26.928083 #40196]  INFO -- : 0:  maruku (0.7.0) from /Users/hrs/.rvm/gems/ruby-2.1.0@emacsnyc/specifications/maruku-0.7.0.gemspec
I, [2014-03-14T12:03:27.596015 #40196]  INFO -- : 0:  posix-spawn (0.3.8) from /Users/hrs/.rvm/gems/ruby-2.1.0@emacsnyc/specifications/posix-spawn-0.3.8.gemspec
I, [2014-03-14T12:03:28.852584 #40196]  INFO -- : 0:  yajl-ruby (1.1.0) from /Users/hrs/.rvm/gems/ruby-2.1.0@emacsnyc/specifications/yajl-ruby-1.1.0.gemspec
I, [2014-03-14T12:03:30.923700 #40196]  INFO -- : 0:  pygments.rb (0.5.4) from /Users/hrs/.rvm/gems/ruby-2.1.0@emacsnyc/specifications/pygments.rb-0.5.4.gemspec
I, [2014-03-14T12:03:33.033435 #40196]  INFO -- : 0:  redcarpet (2.3.0) from /Users/hrs/.rvm/gems/ruby-2.1.0@emacsnyc/specifications/redcarpet-2.3.0.gemspec
I, [2014-03-14T12:03:34.363739 #40196]  INFO -- : 0:  safe_yaml (0.9.7) from /Users/hrs/.rvm/gems/ruby-2.1.0@emacsnyc/specifications/safe_yaml-0.9.7.gemspec
I, [2014-03-14T12:03:34.865142 #40196]  INFO -- : 0:  parslet (1.5.0) from /Users/hrs/.rvm/gems/ruby-2.1.0@emacsnyc/specifications/parslet-1.5.0.gemspec
I, [2014-03-14T12:03:35.639393 #40196]  INFO -- : 0:  toml (0.1.1) from /Users/hrs/.rvm/gems/ruby-2.1.0@emacsnyc/specifications/toml-0.1.1.gemspec
I, [2014-03-14T12:03:37.340774 #40196]  INFO -- : 0:  jekyll (1.4.3) from /Users/hrs/.rvm/gems/ruby-2.1.0@emacsnyc/specifications/jekyll-1.4.3.gemspec
I, [2014-03-14T12:03:38.007920 #40196]  INFO -- : 0:  kramdown (1.3.1) from /Users/hrs/.rvm/gems/ruby-2.1.0@emacsnyc/specifications/kramdown-1.3.1.gemspec
I, [2014-03-14T12:03:41.257786 #40196]  INFO -- : 0:  rdiscount (2.1.7) from /Users/hrs/.rvm/gems/ruby-2.1.0@emacsnyc/specifications/rdiscount-2.1.7.gemspec
I, [2014-03-14T12:03:41.899842 #40196]  INFO -- : 0:  github-pages (15) from /Users/hrs/.rvm/gems/ruby-2.1.0@emacsnyc/specifications/github-pages-15.gemspec
I, [2014-03-14T12:03:42.695687 #40196]  INFO -- : 0:  mr_poole (0.5.1) from /Users/hrs/.rvm/gems/ruby-2.1.0@emacsnyc/specifications/mr_poole-0.5.1.gemspec
I, [2014-03-14T12:03:42.696061 #40196]  INFO -- : 0:  bundler (1.5.1) from /Users/hrs/.rvm/gems/ruby-2.1.0@global/specifications/bundler-1.5.1.gemspec
